2025-12-30 05:59:05,062 - Haropet - INFO - 主实例启动成功
2025-12-30 05:59:05,089 - Haropet - INFO - 正在初始化哈罗宠物...
2025-12-30 05:59:05,248 - Haropet - INFO - 正在初始化系统托盘...
2025-12-30 05:59:05,256 - Haropet - INFO - 哈罗桌面宠物启动完成
2025-12-30 06:04:05,246 - Haropet.SystemTray - WARNING - 清理缓存失败: 'QTimer' object has no attribute 'currentTime'
2025-12-30 06:09:05,250 - Haropet.SystemTray - WARNING - 清理缓存失败: 'QTimer' object has no attribute 'currentTime'
2025-12-30 06:14:05,246 - Haropet.SystemTray - WARNING - 清理缓存失败: 'QTimer' object has no attribute 'currentTime'
2025-12-30 06:15:55,639 - Haropet - WARNING - 检测到另一个哈罗实例已在运行
2025-12-30 06:15:55,642 - Haropet - INFO - 由于检测到已有实例，程序退出
2025-12-30 06:18:12,310 - Haropet - INFO - 主实例启动成功
2025-12-30 06:18:12,336 - Haropet - INFO - 正在初始化哈罗宠物...
2025-12-30 06:18:12,488 - Haropet - INFO - 正在初始化系统托盘...
2025-12-30 06:18:12,499 - Haropet - INFO - 哈罗桌面宠物启动完成
2025-12-30 06:20:50,944 - Haropet - INFO - 主实例启动成功
2025-12-30 06:20:50,973 - Haropet - INFO - 正在初始化哈罗宠物...
2025-12-30 06:20:51,124 - Haropet - INFO - 正在初始化系统托盘...
2025-12-30 06:20:51,134 - Haropet - INFO - 哈罗桌面宠物启动完成
2025-12-30 06:25:17,780 - Haropet - INFO - 主实例启动成功
2025-12-30 06:25:17,806 - Haropet - INFO - 正在初始化哈罗宠物...
2025-12-30 06:25:17,950 - Haropet - INFO - 正在初始化系统托盘...
2025-12-30 06:25:17,959 - Haropet - INFO - 哈罗桌面宠物启动完成
2025-12-30 07:19:18,467 - Haropet - INFO - 主实例启动成功
2025-12-30 07:19:18,494 - Haropet - INFO - 正在初始化哈罗宠物...
2025-12-30 07:19:18,641 - Haropet - INFO - 正在初始化系统托盘...
2025-12-30 07:19:18,651 - Haropet - INFO - 哈罗桌面宠物启动完成
2025-12-30 07:23:00,131 - Haropet - INFO - 主实例启动成功
2025-12-30 07:23:00,154 - Haropet - INFO - 正在初始化哈罗宠物...
2025-12-30 07:23:00,299 - Haropet - INFO - 正在初始化系统托盘...
2025-12-30 07:23:00,310 - Haropet - INFO - 哈罗桌面宠物启动完成
2025-12-30 07:24:37,458 - Haropet - INFO - 主实例启动成功
2025-12-30 07:24:37,483 - Haropet - INFO - 正在初始化哈罗宠物...
2025-12-30 07:24:37,603 - Haropet - INFO - 正在初始化系统托盘...
2025-12-30 07:24:37,613 - Haropet - INFO - 哈罗桌面宠物启动完成
2025-12-30 07:28:34,113 - Haropet - INFO - 主实例启动成功
2025-12-30 07:28:34,139 - Haropet - INFO - 正在初始化哈罗宠物...
2025-12-30 07:28:34,287 - Haropet - INFO - 正在初始化系统托盘...
2025-12-30 07:28:34,306 - Haropet - INFO - 哈罗桌面宠物启动完成
2025-12-30 07:29:41,218 - Haropet - INFO - 主实例启动成功
2025-12-30 07:29:41,246 - Haropet - INFO - 正在初始化哈罗宠物...
2025-12-30 07:29:41,370 - Haropet - INFO - 正在初始化系统托盘...
2025-12-30 07:29:41,379 - Haropet - INFO - 哈罗桌面宠物启动完成
2025-12-30 07:32:05,615 - Haropet - INFO - 主实例启动成功
2025-12-30 07:32:05,642 - Haropet - INFO - 正在初始化哈罗宠物...
2025-12-30 07:32:05,787 - Haropet - INFO - 正在初始化系统托盘...
2025-12-30 07:32:05,798 - Haropet - INFO - 哈罗桌面宠物启动完成
2025-12-30 07:33:22,992 - Haropet - INFO - 主实例启动成功
2025-12-30 07:33:23,019 - Haropet - INFO - 正在初始化哈罗宠物...
2025-12-30 07:33:23,146 - Haropet - INFO - 正在初始化系统托盘...
2025-12-30 07:33:23,156 - Haropet - INFO - 哈罗桌面宠物启动完成
2025-12-30 07:34:08,350 - Haropet - INFO - 主实例启动成功
2025-12-30 07:34:08,376 - Haropet - INFO - 正在初始化哈罗宠物...
2025-12-30 07:34:08,496 - Haropet - INFO - 正在初始化系统托盘...
2025-12-30 07:34:08,507 - Haropet - INFO - 哈罗桌面宠物启动完成
2025-12-30 07:34:52,258 - Haropet - INFO - 主实例启动成功
2025-12-30 07:34:52,285 - Haropet - INFO - 正在初始化哈罗宠物...
2025-12-30 07:34:52,409 - Haropet - INFO - 正在初始化系统托盘...
2025-12-30 07:34:52,419 - Haropet - INFO - 哈罗桌面宠物启动完成
2025-12-30 07:36:16,284 - Haropet - INFO - 主实例启动成功
2025-12-30 07:36:16,309 - Haropet - INFO - 正在初始化哈罗宠物...
2025-12-30 07:36:16,436 - Haropet - INFO - 正在初始化系统托盘...
2025-12-30 07:36:16,444 - Haropet - INFO - 哈罗桌面宠物启动完成
2025-12-30 07:39:52,854 - Haropet - INFO - 主实例启动成功
2025-12-30 07:39:52,880 - Haropet - INFO - 正在初始化哈罗宠物...
2025-12-30 07:39:53,031 - Haropet - INFO - 正在初始化系统托盘...
2025-12-30 07:39:53,042 - Haropet - INFO - 哈罗桌面宠物启动完成
2025-12-30 07:41:19,111 - Haropet - INFO - 主实例启动成功
2025-12-30 07:41:19,137 - Haropet - INFO - 正在初始化哈罗宠物...
2025-12-30 07:41:19,264 - Haropet - INFO - 正在初始化系统托盘...
2025-12-30 07:41:19,273 - Haropet - INFO - 哈罗桌面宠物启动完成
2025-12-30 07:42:09,089 - Haropet - INFO - 主实例启动成功
2025-12-30 07:42:09,117 - Haropet - INFO - 正在初始化哈罗宠物...
2025-12-30 07:42:09,243 - Haropet - INFO - 正在初始化系统托盘...
2025-12-30 07:42:09,252 - Haropet - INFO - 哈罗桌面宠物启动完成
2025-12-30 07:42:40,069 - Haropet - INFO - 主实例启动成功
2025-12-30 07:42:40,095 - Haropet - INFO - 正在初始化哈罗宠物...
2025-12-30 07:42:40,218 - Haropet - INFO - 正在初始化系统托盘...
2025-12-30 07:42:40,226 - Haropet - INFO - 哈罗桌面宠物启动完成
2025-12-30 07:46:01,600 - Haropet - INFO - 主实例启动成功
2025-12-30 07:46:01,624 - Haropet - INFO - 正在初始化哈罗宠物...
2025-12-30 07:46:01,768 - Haropet - INFO - 正在初始化系统托盘...
2025-12-30 07:46:01,779 - Haropet - INFO - 哈罗桌面宠物启动完成
2025-12-30 07:47:12,632 - Haropet - INFO - 主实例启动成功
2025-12-30 07:47:12,656 - Haropet - INFO - 正在初始化哈罗宠物...
2025-12-30 07:47:12,781 - Haropet - INFO - 正在初始化系统托盘...
2025-12-30 07:47:12,790 - Haropet - INFO - 哈罗桌面宠物启动完成
2025-12-30 07:51:05,641 - Haropet - INFO - 主实例启动成功
2025-12-30 07:51:05,666 - Haropet - INFO - 正在初始化哈罗宠物...
2025-12-30 07:51:05,812 - Haropet - INFO - 正在初始化系统托盘...
2025-12-30 07:51:05,822 - Haropet - INFO - 哈罗桌面宠物启动完成
2025-12-30 23:28:20,603 - Haropet - INFO - 主实例启动成功
2025-12-30 23:28:20,636 - Haropet - INFO - 正在初始化哈罗宠物...
2025-12-30 23:28:20,835 - Haropet - INFO - 正在初始化系统托盘...
2025-12-30 23:28:20,843 - Haropet - INFO - 哈罗桌面宠物启动完成
2025-12-30 23:28:54,563 - Haropet - INFO - 主实例启动成功
2025-12-30 23:28:54,578 - Haropet - INFO - 正在初始化哈罗宠物...
2025-12-30 23:28:54,713 - Haropet - INFO - 正在初始化系统托盘...
2025-12-30 23:28:54,720 - Haropet - INFO - 哈罗桌面宠物启动完成
2025-12-31 09:17:14,434 - Haropet - WARNING - 检测到另一个哈罗实例已在运行
2025-12-31 09:17:14,434 - Haropet - INFO - 由于检测到已有实例，程序退出
2026-01-01 15:49:43,418 - Haropet - INFO - 主实例启动成功
2026-01-01 15:49:43,470 - Haropet - INFO - 正在初始化哈罗宠物...
2026-01-01 15:49:43,657 - Haropet - INFO - 正在初始化系统托盘...
2026-01-01 15:49:43,666 - Haropet - INFO - 哈罗桌面宠物启动完成
2026-01-01 15:49:43,671 - Haropet.SystemTray - ERROR - 连接信号失败: 'HaroSystemTray' object has no attribute '_on_tray_activated'
